<?xml version="1.0" encoding="UTF-8"?>
<testsuite xmlns:xsi="http://www.w3.org/2001/XMLSchema-instance" xsi:noNamespaceSchemaLocation="https://maven.apache.org/surefire/maven-surefire-plugin/xsd/surefire-test-report.xsd" name="com.poc.springboot.poc_springboot.PocSpringbootApplicationTests" time="5.456" tests="1" errors="0" skipped="0" failures="0">
  <properties>
    <property name="java.specification.version" value="15"/>
    <property name="sun.jnu.encoding" value="UTF-8"/>
    <property name="java.class.path" value="/Users/nayarab/ProjetosCIT/poc_springboot/target/test-classes:/Users/nayarab/ProjetosCIT/poc_springboot/target/classes:/Users/nayarab/.m2/repository/org/springframework/boot/spring-boot-starter-data-rest/2.4.5/spring-boot-starter-data-rest-2.4.5.jar:/Users/nayarab/.m2/repository/org/springframework/boot/spring-boot-starter-web/2.4.5/spring-boot-starter-web-2.4.5.jar:/Users/nayarab/.m2/repository/org/springframework/boot/spring-boot-starter-json/2.4.5/spring-boot-starter-json-2.4.5.jar:/Users/nayarab/.m2/repository/com/fasterxml/jackson/datatype/jackson-datatype-jdk8/2.11.4/jackson-datatype-jdk8-2.11.4.jar:/Users/nayarab/.m2/repository/com/fasterxml/jackson/datatype/jackson-datatype-jsr310/2.11.4/jackson-datatype-jsr310-2.11.4.jar:/Users/nayarab/.m2/repository/com/fasterxml/jackson/module/jackson-module-parameter-names/2.11.4/jackson-module-parameter-names-2.11.4.jar:/Users/nayarab/.m2/repository/org/springframework/boot/spring-boot-starter-tomcat/2.4.5/spring-boot-starter-tomcat-2.4.5.jar:/Users/nayarab/.m2/repository/org/apache/tomcat/embed/tomcat-embed-core/9.0.45/tomcat-embed-core-9.0.45.jar:/Users/nayarab/.m2/repository/org/glassfish/jakarta.el/3.0.3/jakarta.el-3.0.3.jar:/Users/nayarab/.m2/repository/org/apache/tomcat/embed/tomcat-embed-websocket/9.0.45/tomcat-embed-websocket-9.0.45.jar:/Users/nayarab/.m2/repository/org/springframework/spring-web/5.3.6/spring-web-5.3.6.jar:/Users/nayarab/.m2/repository/org/springframework/spring-beans/5.3.6/spring-beans-5.3.6.jar:/Users/nayarab/.m2/repository/org/springframework/spring-webmvc/5.3.6/spring-webmvc-5.3.6.jar:/Users/nayarab/.m2/repository/org/springframework/spring-aop/5.3.6/spring-aop-5.3.6.jar:/Users/nayarab/.m2/repository/org/springframework/spring-expression/5.3.6/spring-expression-5.3.6.jar:/Users/nayarab/.m2/repository/org/springframework/data/spring-data-rest-webmvc/3.4.8/spring-data-rest-webmvc-3.4.8.jar:/Users/nayarab/.m2/repository/org/springframework/data/spring-data-rest-core/3.4.8/spring-data-rest-core-3.4.8.jar:/Users/nayarab/.m2/repository/org/springframework/spring-tx/5.3.6/spring-tx-5.3.6.jar:/Users/nayarab/.m2/repository/org/springframework/hateoas/spring-hateoas/1.2.5/spring-hateoas-1.2.5.jar:/Users/nayarab/.m2/repository/org/springframework/data/spring-data-commons/2.4.8/spring-data-commons-2.4.8.jar:/Users/nayarab/.m2/repository/org/springframework/plugin/spring-plugin-core/2.0.0.RELEASE/spring-plugin-core-2.0.0.RELEASE.jar:/Users/nayarab/.m2/repository/org/atteo/evo-inflector/1.2.2/evo-inflector-1.2.2.jar:/Users/nayarab/.m2/repository/com/fasterxml/jackson/core/jackson-databind/2.11.4/jackson-databind-2.11.4.jar:/Users/nayarab/.m2/repository/com/fasterxml/jackson/core/jackson-core/2.11.4/jackson-core-2.11.4.jar:/Users/nayarab/.m2/repository/com/fasterxml/jackson/core/jackson-annotations/2.11.4/jackson-annotations-2.11.4.jar:/Users/nayarab/.m2/repository/org/slf4j/slf4j-api/1.7.30/slf4j-api-1.7.30.jar:/Users/nayarab/.m2/repository/org/springframework/boot/spring-boot-devtools/2.4.5/spring-boot-devtools-2.4.5.jar:/Users/nayarab/.m2/repository/org/springframework/boot/spring-boot/2.4.5/spring-boot-2.4.5.jar:/Users/nayarab/.m2/repository/org/springframework/spring-context/5.3.6/spring-context-5.3.6.jar:/Users/nayarab/.m2/repository/org/springframework/boot/spring-boot-autoconfigure/2.4.5/spring-boot-autoconfigure-2.4.5.jar:/Users/nayarab/.m2/repository/org/projectlombok/lombok/1.18.20/lombok-1.18.20.jar:/Users/nayarab/.m2/repository/org/springframework/boot/spring-boot-starter-test/2.4.5/spring-boot-starter-test-2.4.5.jar:/Users/nayarab/.m2/repository/org/springframework/boot/spring-boot-starter/2.4.5/spring-boot-starter-2.4.5.jar:/Users/nayarab/.m2/repository/org/springframework/boot/spring-boot-starter-logging/2.4.5/spring-boot-starter-logging-2.4.5.jar:/Users/nayarab/.m2/repository/ch/qos/logback/logback-classic/1.2.3/logback-classic-1.2.3.jar:/Users/nayarab/.m2/repository/ch/qos/logback/logback-core/1.2.3/logback-core-1.2.3.jar:/Users/nayarab/.m2/repository/org/apache/logging/log4j/log4j-to-slf4j/2.13.3/log4j-to-slf4j-2.13.3.jar:/Users/nayarab/.m2/repository/org/apache/logging/log4j/log4j-api/2.13.3/log4j-api-2.13.3.jar:/Users/nayarab/.m2/repository/org/slf4j/jul-to-slf4j/1.7.30/jul-to-slf4j-1.7.30.jar:/Users/nayarab/.m2/repository/jakarta/annotation/jakarta.annotation-api/1.3.5/jakarta.annotation-api-1.3.5.jar:/Users/nayarab/.m2/repository/org/yaml/snakeyaml/1.27/snakeyaml-1.27.jar:/Users/nayarab/.m2/repository/org/springframework/boot/spring-boot-test/2.4.5/spring-boot-test-2.4.5.jar:/Users/nayarab/.m2/repository/org/springframework/boot/spring-boot-test-autoconfigure/2.4.5/spring-boot-test-autoconfigure-2.4.5.jar:/Users/nayarab/.m2/repository/com/jayway/jsonpath/json-path/2.4.0/json-path-2.4.0.jar:/Users/nayarab/.m2/repository/net/minidev/json-smart/2.3/json-smart-2.3.jar:/Users/nayarab/.m2/repository/net/minidev/accessors-smart/1.2/accessors-smart-1.2.jar:/Users/nayarab/.m2/repository/org/ow2/asm/asm/5.0.4/asm-5.0.4.jar:/Users/nayarab/.m2/repository/jakarta/xml/bind/jakarta.xml.bind-api/2.3.3/jakarta.xml.bind-api-2.3.3.jar:/Users/nayarab/.m2/repository/jakarta/activation/jakarta.activation-api/1.2.2/jakarta.activation-api-1.2.2.jar:/Users/nayarab/.m2/repository/org/assertj/assertj-core/3.18.1/assertj-core-3.18.1.jar:/Users/nayarab/.m2/repository/org/hamcrest/hamcrest/2.2/hamcrest-2.2.jar:/Users/nayarab/.m2/repository/org/junit/jupiter/junit-jupiter/5.7.1/junit-jupiter-5.7.1.jar:/Users/nayarab/.m2/repository/org/junit/jupiter/junit-jupiter-api/5.7.1/junit-jupiter-api-5.7.1.jar:/Users/nayarab/.m2/repository/org/apiguardian/apiguardian-api/1.1.0/apiguardian-api-1.1.0.jar:/Users/nayarab/.m2/repository/org/opentest4j/opentest4j/1.2.0/opentest4j-1.2.0.jar:/Users/nayarab/.m2/repository/org/junit/platform/junit-platform-commons/1.7.1/junit-platform-commons-1.7.1.jar:/Users/nayarab/.m2/repository/org/junit/jupiter/junit-jupiter-params/5.7.1/junit-jupiter-params-5.7.1.jar:/Users/nayarab/.m2/repository/org/junit/jupiter/junit-jupiter-engine/5.7.1/junit-jupiter-engine-5.7.1.jar:/Users/nayarab/.m2/repository/org/junit/platform/junit-platform-engine/1.7.1/junit-platform-engine-1.7.1.jar:/Users/nayarab/.m2/repository/org/mockito/mockito-core/3.6.28/mockito-core-3.6.28.jar:/Users/nayarab/.m2/repository/net/bytebuddy/byte-buddy/1.10.22/byte-buddy-1.10.22.jar:/Users/nayarab/.m2/repository/net/bytebuddy/byte-buddy-agent/1.10.22/byte-buddy-agent-1.10.22.jar:/Users/nayarab/.m2/repository/org/objenesis/objenesis/3.1/objenesis-3.1.jar:/Users/nayarab/.m2/repository/org/mockito/mockito-junit-jupiter/3.6.28/mockito-junit-jupiter-3.6.28.jar:/Users/nayarab/.m2/repository/org/skyscreamer/jsonassert/1.5.0/jsonassert-1.5.0.jar:/Users/nayarab/.m2/repository/com/vaadin/external/google/android-json/0.0.20131108.vaadin1/android-json-0.0.20131108.vaadin1.jar:/Users/nayarab/.m2/repository/org/springframework/spring-core/5.3.6/spring-core-5.3.6.jar:/Users/nayarab/.m2/repository/org/springframework/spring-jcl/5.3.6/spring-jcl-5.3.6.jar:/Users/nayarab/.m2/repository/org/springframework/spring-test/5.3.6/spring-test-5.3.6.jar:/Users/nayarab/.m2/repository/org/xmlunit/xmlunit-core/2.7.0/xmlunit-core-2.7.0.jar:/Users/nayarab/.m2/repository/org/apache/camel/camel-spring-boot-starter/3.0.0-M4/camel-spring-boot-starter-3.0.0-M4.jar:/Users/nayarab/.m2/repository/org/apache/camel/camel-spring-boot/3.0.0-M4/camel-spring-boot-3.0.0-M4.jar:/Users/nayarab/.m2/repository/org/apache/camel/camel-spring/3.0.0-M4/camel-spring-3.0.0-M4.jar:/Users/nayarab/.m2/repository/org/apache/camel/camel-management-api/3.0.0-M4/camel-management-api-3.0.0-M4.jar:/Users/nayarab/.m2/repository/org/apache/camel/camel-core-xml/3.0.0-M4/camel-core-xml-3.0.0-M4.jar:/Users/nayarab/.m2/repository/org/apache/camel/spi-annotations/3.0.0-M4/spi-annotations-3.0.0-M4.jar:/Users/nayarab/.m2/repository/org/apache/camel/camel-cloud/3.0.0-M4/camel-cloud-3.0.0-M4.jar:/Users/nayarab/.m2/repository/org/apache/camel/camel-main/3.0.0-M4/camel-main-3.0.0-M4.jar:/Users/nayarab/.m2/repository/org/apache/camel/camel-core-engine/3.0.0-M4/camel-core-engine-3.0.0-M4.jar:/Users/nayarab/.m2/repository/org/apache/camel/camel-properties/3.0.0-M4/camel-properties-3.0.0-M4.jar:/Users/nayarab/.m2/repository/org/apache/camel/camel-management-impl/3.0.0-M4/camel-management-impl-3.0.0-M4.jar:/Users/nayarab/.m2/repository/org/apache/camel/camel-util/3.0.0-M4/camel-util-3.0.0-M4.jar:/Users/nayarab/.m2/repository/org/apache/camel/camel-util-json/3.0.0-M4/camel-util-json-3.0.0-M4.jar:/Users/nayarab/.m2/repository/org/apache/camel/camel-core-starter/3.0.0-M4/camel-core-starter-3.0.0-M4.jar:/Users/nayarab/.m2/repository/org/apache/camel/camel-core/3.0.0-M4/camel-core-3.0.0-M4.jar:/Users/nayarab/.m2/repository/org/apache/camel/camel-api/3.0.0-M4/camel-api-3.0.0-M4.jar:/Users/nayarab/.m2/repository/org/apache/camel/camel-base/3.0.0-M4/camel-base-3.0.0-M4.jar:/Users/nayarab/.m2/repository/org/apache/camel/camel-jaxp/3.0.0-M4/camel-jaxp-3.0.0-M4.jar:/Users/nayarab/.m2/repository/org/apache/camel/camel-bean/3.0.0-M4/camel-bean-3.0.0-M4.jar:/Users/nayarab/.m2/repository/org/apache/camel/camel-browse/3.0.0-M4/camel-browse-3.0.0-M4.jar:/Users/nayarab/.m2/repository/org/apache/camel/camel-caffeine-lrucache/3.0.0-M4/camel-caffeine-lrucache-3.0.0-M4.jar:/Users/nayarab/.m2/repository/com/github/ben-manes/caffeine/caffeine/2.8.8/caffeine-2.8.8.jar:/Users/nayarab/.m2/repository/org/checkerframework/checker-qual/3.8.0/checker-qual-3.8.0.jar:/Users/nayarab/.m2/repository/com/google/errorprone/error_prone_annotations/2.4.0/error_prone_annotations-2.4.0.jar:/Users/nayarab/.m2/repository/org/apache/camel/camel-controlbus/3.0.0-M4/camel-controlbus-3.0.0-M4.jar:/Users/nayarab/.m2/repository/org/apache/camel/camel-dataformat/3.0.0-M4/camel-dataformat-3.0.0-M4.jar:/Users/nayarab/.m2/repository/org/apache/camel/camel-dataset/3.0.0-M4/camel-dataset-3.0.0-M4.jar:/Users/nayarab/.m2/repository/org/apache/camel/camel-direct/3.0.0-M4/camel-direct-3.0.0-M4.jar:/Users/nayarab/.m2/repository/org/apache/camel/camel-directvm/3.0.0-M4/camel-directvm-3.0.0-M4.jar:/Users/nayarab/.m2/repository/org/apache/camel/camel-file/3.0.0-M4/camel-file-3.0.0-M4.jar:/Users/nayarab/.m2/repository/org/apache/camel/camel-language/3.0.0-M4/camel-language-3.0.0-M4.jar:/Users/nayarab/.m2/repository/org/apache/camel/camel-log/3.0.0-M4/camel-log-3.0.0-M4.jar:/Users/nayarab/.m2/repository/org/apache/camel/camel-mock/3.0.0-M4/camel-mock-3.0.0-M4.jar:/Users/nayarab/.m2/repository/org/apache/camel/camel-ref/3.0.0-M4/camel-ref-3.0.0-M4.jar:/Users/nayarab/.m2/repository/org/apache/camel/camel-rest/3.0.0-M4/camel-rest-3.0.0-M4.jar:/Users/nayarab/.m2/repository/org/apache/camel/camel-saga/3.0.0-M4/camel-saga-3.0.0-M4.jar:/Users/nayarab/.m2/repository/org/apache/camel/camel-scheduler/3.0.0-M4/camel-scheduler-3.0.0-M4.jar:/Users/nayarab/.m2/repository/org/apache/camel/camel-seda/3.0.0-M4/camel-seda-3.0.0-M4.jar:/Users/nayarab/.m2/repository/org/apache/camel/camel-stub/3.0.0-M4/camel-stub-3.0.0-M4.jar:/Users/nayarab/.m2/repository/org/apache/camel/camel-timer/3.0.0-M4/camel-timer-3.0.0-M4.jar:/Users/nayarab/.m2/repository/org/apache/camel/camel-validator/3.0.0-M4/camel-validator-3.0.0-M4.jar:/Users/nayarab/.m2/repository/org/apache/camel/camel-vm/3.0.0-M4/camel-vm-3.0.0-M4.jar:/Users/nayarab/.m2/repository/org/apache/camel/camel-xpath/3.0.0-M4/camel-xpath-3.0.0-M4.jar:/Users/nayarab/.m2/repository/org/apache/camel/camel-xslt/3.0.0-M4/camel-xslt-3.0.0-M4.jar:/Users/nayarab/.m2/repository/org/apache/camel/camel-servlet-starter/3.0.0-M4/camel-servlet-starter-3.0.0-M4.jar:/Users/nayarab/.m2/repository/org/apache/camel/camel-servlet/3.0.0-M4/camel-servlet-3.0.0-M4.jar:/Users/nayarab/.m2/repository/org/apache/camel/camel-support/3.0.0-M4/camel-support-3.0.0-M4.jar:/Users/nayarab/.m2/repository/org/apache/camel/camel-http-common/3.0.0-M4/camel-http-common-3.0.0-M4.jar:/Users/nayarab/.m2/repository/org/apache/camel/camel-jackson-starter/3.0.0-M4/camel-jackson-starter-3.0.0-M4.jar:/Users/nayarab/.m2/repository/org/apache/camel/camel-jackson/3.0.0-M4/camel-jackson-3.0.0-M4.jar:/Users/nayarab/.m2/repository/com/fasterxml/jackson/module/jackson-module-jaxb-annotations/2.11.4/jackson-module-jaxb-annotations-2.11.4.jar:/Users/nayarab/.m2/repository/org/apache/camel/camel-swagger-java-starter/3.0.0-M4/camel-swagger-java-starter-3.0.0-M4.jar:/Users/nayarab/.m2/repository/org/apache/camel/camel-swagger-java/3.0.0-M4/camel-swagger-java-3.0.0-M4.jar:/Users/nayarab/.m2/repository/com/fasterxml/jackson/datatype/jackson-datatype-joda/2.11.4/jackson-datatype-joda-2.11.4.jar:/Users/nayarab/.m2/repository/joda-time/joda-time/2.9.9/joda-time-2.9.9.jar:/Users/nayarab/.m2/repository/com/fasterxml/jackson/dataformat/jackson-dataformat-yaml/2.11.4/jackson-dataformat-yaml-2.11.4.jar:/Users/nayarab/.m2/repository/com/fasterxml/jackson/dataformat/jackson-dataformat-xml/2.11.4/jackson-dataformat-xml-2.11.4.jar:/Users/nayarab/.m2/repository/org/codehaus/woodstox/stax2-api/4.2.1/stax2-api-4.2.1.jar:/Users/nayarab/.m2/repository/com/fasterxml/woodstox/woodstox-core/6.2.3/woodstox-core-6.2.3.jar:/Users/nayarab/.m2/repository/com/fasterxml/jackson/jaxrs/jackson-jaxrs-json-provider/2.11.4/jackson-jaxrs-json-provider-2.11.4.jar:/Users/nayarab/.m2/repository/com/fasterxml/jackson/jaxrs/jackson-jaxrs-base/2.11.4/jackson-jaxrs-base-2.11.4.jar:/Users/nayarab/.m2/repository/com/google/guava/guava/20.0/guava-20.0.jar:/Users/nayarab/.m2/repository/org/apache/commons/commons-lang3/3.11/commons-lang3-3.11.jar:/Users/nayarab/.m2/repository/io/swagger/swagger-core/1.5.21/swagger-core-1.5.21.jar:/Users/nayarab/.m2/repository/io/swagger/swagger-models/1.5.21/swagger-models-1.5.21.jar:/Users/nayarab/.m2/repository/javax/validation/validation-api/2.0.1.Final/validation-api-2.0.1.Final.jar:/Users/nayarab/.m2/repository/io/swagger/swagger-annotations/1.5.21/swagger-annotations-1.5.21.jar:/Users/nayarab/.m2/repository/io/swagger/swagger-jaxrs/1.5.21/swagger-jaxrs-1.5.21.jar:/Users/nayarab/.m2/repository/javax/ws/rs/jsr311-api/1.1.1/jsr311-api-1.1.1.jar:/Users/nayarab/.m2/repository/org/reflections/reflections/0.9.11/reflections-0.9.11.jar:/Users/nayarab/.m2/repository/org/javassist/javassist/3.21.0-GA/javassist-3.21.0-GA.jar:/Users/nayarab/.m2/repository/io/swagger/swagger-parser/1.0.37/swagger-parser-1.0.37.jar:/Users/nayarab/.m2/repository/org/slf4j/slf4j-ext/1.7.30/slf4j-ext-1.7.30.jar:/Users/nayarab/.m2/repository/commons-io/commons-io/2.4/commons-io-2.4.jar:/Users/nayarab/.m2/repository/org/hibernate/validator/hibernate-validator/6.1.7.Final/hibernate-validator-6.1.7.Final.jar:/Users/nayarab/.m2/repository/jakarta/validation/jakarta.validation-api/2.0.2/jakarta.validation-api-2.0.2.jar:/Users/nayarab/.m2/repository/org/jboss/logging/jboss-logging/3.4.1.Final/jboss-logging-3.4.1.Final.jar:/Users/nayarab/.m2/repository/com/fasterxml/classmate/1.5.1/classmate-1.5.1.jar:"/>
    <property name="java.vm.vendor" value="Oracle Corporation"/>
    <property name="sun.arch.data.model" value="64"/>
    <property name="java.vendor.url" value="https://java.oracle.com/"/>
    <property name="os.name" value="Mac OS X"/>
    <property name="java.vm.specification.version" value="15"/>
    <property name="sun.java.launcher" value="SUN_STANDARD"/>
    <property name="user.country" value="BR"/>
    <property name="sun.boot.library.path" value="/Library/Java/JavaVirtualMachines/jdk-15.0.2.jdk/Contents/Home/lib"/>
    <property name="sun.java.command" value="/Users/nayarab/ProjetosCIT/poc_springboot/target/surefire/surefirebooter8485266009757428291.jar /Users/nayarab/ProjetosCIT/poc_springboot/target/surefire 2021-05-04T09-40-47_516-jvmRun1 surefire6476781166546866866tmp surefire_05764930633779873119tmp"/>
    <property name="http.nonProxyHosts" value="local|*.local|169.254/16|*.169.254/16"/>
    <property name="jdk.debug" value="release"/>
    <property name="surefire.test.class.path" value="/Users/nayarab/ProjetosCIT/poc_springboot/target/test-classes:/Users/nayarab/ProjetosCIT/poc_springboot/target/classes:/Users/nayarab/.m2/repository/org/springframework/boot/spring-boot-starter-data-rest/2.4.5/spring-boot-starter-data-rest-2.4.5.jar:/Users/nayarab/.m2/repository/org/springframework/boot/spring-boot-starter-web/2.4.5/spring-boot-starter-web-2.4.5.jar:/Users/nayarab/.m2/repository/org/springframework/boot/spring-boot-starter-json/2.4.5/spring-boot-starter-json-2.4.5.jar:/Users/nayarab/.m2/repository/com/fasterxml/jackson/datatype/jackson-datatype-jdk8/2.11.4/jackson-datatype-jdk8-2.11.4.jar:/Users/nayarab/.m2/repository/com/fasterxml/jackson/datatype/jackson-datatype-jsr310/2.11.4/jackson-datatype-jsr310-2.11.4.jar:/Users/nayarab/.m2/repository/com/fasterxml/jackson/module/jackson-module-parameter-names/2.11.4/jackson-module-parameter-names-2.11.4.jar:/Users/nayarab/.m2/repository/org/springframework/boot/spring-boot-starter-tomcat/2.4.5/spring-boot-starter-tomcat-2.4.5.jar:/Users/nayarab/.m2/repository/org/apache/tomcat/embed/tomcat-embed-core/9.0.45/tomcat-embed-core-9.0.45.jar:/Users/nayarab/.m2/repository/org/glassfish/jakarta.el/3.0.3/jakarta.el-3.0.3.jar:/Users/nayarab/.m2/repository/org/apache/tomcat/embed/tomcat-embed-websocket/9.0.45/tomcat-embed-websocket-9.0.45.jar:/Users/nayarab/.m2/repository/org/springframework/spring-web/5.3.6/spring-web-5.3.6.jar:/Users/nayarab/.m2/repository/org/springframework/spring-beans/5.3.6/spring-beans-5.3.6.jar:/Users/nayarab/.m2/repository/org/springframework/spring-webmvc/5.3.6/spring-webmvc-5.3.6.jar:/Users/nayarab/.m2/repository/org/springframework/spring-aop/5.3.6/spring-aop-5.3.6.jar:/Users/nayarab/.m2/repository/org/springframework/spring-expression/5.3.6/spring-expression-5.3.6.jar:/Users/nayarab/.m2/repository/org/springframework/data/spring-data-rest-webmvc/3.4.8/spring-data-rest-webmvc-3.4.8.jar:/Users/nayarab/.m2/repository/org/springframework/data/spring-data-rest-core/3.4.8/spring-data-rest-core-3.4.8.jar:/Users/nayarab/.m2/repository/org/springframework/spring-tx/5.3.6/spring-tx-5.3.6.jar:/Users/nayarab/.m2/repository/org/springframework/hateoas/spring-hateoas/1.2.5/spring-hateoas-1.2.5.jar:/Users/nayarab/.m2/repository/org/springframework/data/spring-data-commons/2.4.8/spring-data-commons-2.4.8.jar:/Users/nayarab/.m2/repository/org/springframework/plugin/spring-plugin-core/2.0.0.RELEASE/spring-plugin-core-2.0.0.RELEASE.jar:/Users/nayarab/.m2/repository/org/atteo/evo-inflector/1.2.2/evo-inflector-1.2.2.jar:/Users/nayarab/.m2/repository/com/fasterxml/jackson/core/jackson-databind/2.11.4/jackson-databind-2.11.4.jar:/Users/nayarab/.m2/repository/com/fasterxml/jackson/core/jackson-core/2.11.4/jackson-core-2.11.4.jar:/Users/nayarab/.m2/repository/com/fasterxml/jackson/core/jackson-annotations/2.11.4/jackson-annotations-2.11.4.jar:/Users/nayarab/.m2/repository/org/slf4j/slf4j-api/1.7.30/slf4j-api-1.7.30.jar:/Users/nayarab/.m2/repository/org/springframework/boot/spring-boot-devtools/2.4.5/spring-boot-devtools-2.4.5.jar:/Users/nayarab/.m2/repository/org/springframework/boot/spring-boot/2.4.5/spring-boot-2.4.5.jar:/Users/nayarab/.m2/repository/org/springframework/spring-context/5.3.6/spring-context-5.3.6.jar:/Users/nayarab/.m2/repository/org/springframework/boot/spring-boot-autoconfigure/2.4.5/spring-boot-autoconfigure-2.4.5.jar:/Users/nayarab/.m2/repository/org/projectlombok/lombok/1.18.20/lombok-1.18.20.jar:/Users/nayarab/.m2/repository/org/springframework/boot/spring-boot-starter-test/2.4.5/spring-boot-starter-test-2.4.5.jar:/Users/nayarab/.m2/repository/org/springframework/boot/spring-boot-starter/2.4.5/spring-boot-starter-2.4.5.jar:/Users/nayarab/.m2/repository/org/springframework/boot/spring-boot-starter-logging/2.4.5/spring-boot-starter-logging-2.4.5.jar:/Users/nayarab/.m2/repository/ch/qos/logback/logback-classic/1.2.3/logback-classic-1.2.3.jar:/Users/nayarab/.m2/repository/ch/qos/logback/logback-core/1.2.3/logback-core-1.2.3.jar:/Users/nayarab/.m2/repository/org/apache/logging/log4j/log4j-to-slf4j/2.13.3/log4j-to-slf4j-2.13.3.jar:/Users/nayarab/.m2/repository/org/apache/logging/log4j/log4j-api/2.13.3/log4j-api-2.13.3.jar:/Users/nayarab/.m2/repository/org/slf4j/jul-to-slf4j/1.7.30/jul-to-slf4j-1.7.30.jar:/Users/nayarab/.m2/repository/jakarta/annotation/jakarta.annotation-api/1.3.5/jakarta.annotation-api-1.3.5.jar:/Users/nayarab/.m2/repository/org/yaml/snakeyaml/1.27/snakeyaml-1.27.jar:/Users/nayarab/.m2/repository/org/springframework/boot/spring-boot-test/2.4.5/spring-boot-test-2.4.5.jar:/Users/nayarab/.m2/repository/org/springframework/boot/spring-boot-test-autoconfigure/2.4.5/spring-boot-test-autoconfigure-2.4.5.jar:/Users/nayarab/.m2/repository/com/jayway/jsonpath/json-path/2.4.0/json-path-2.4.0.jar:/Users/nayarab/.m2/repository/net/minidev/json-smart/2.3/json-smart-2.3.jar:/Users/nayarab/.m2/repository/net/minidev/accessors-smart/1.2/accessors-smart-1.2.jar:/Users/nayarab/.m2/repository/org/ow2/asm/asm/5.0.4/asm-5.0.4.jar:/Users/nayarab/.m2/repository/jakarta/xml/bind/jakarta.xml.bind-api/2.3.3/jakarta.xml.bind-api-2.3.3.jar:/Users/nayarab/.m2/repository/jakarta/activation/jakarta.activation-api/1.2.2/jakarta.activation-api-1.2.2.jar:/Users/nayarab/.m2/repository/org/assertj/assertj-core/3.18.1/assertj-core-3.18.1.jar:/Users/nayarab/.m2/repository/org/hamcrest/hamcrest/2.2/hamcrest-2.2.jar:/Users/nayarab/.m2/repository/org/junit/jupiter/junit-jupiter/5.7.1/junit-jupiter-5.7.1.jar:/Users/nayarab/.m2/repository/org/junit/jupiter/junit-jupiter-api/5.7.1/junit-jupiter-api-5.7.1.jar:/Users/nayarab/.m2/repository/org/apiguardian/apiguardian-api/1.1.0/apiguardian-api-1.1.0.jar:/Users/nayarab/.m2/repository/org/opentest4j/opentest4j/1.2.0/opentest4j-1.2.0.jar:/Users/nayarab/.m2/repository/org/junit/platform/junit-platform-commons/1.7.1/junit-platform-commons-1.7.1.jar:/Users/nayarab/.m2/repository/org/junit/jupiter/junit-jupiter-params/5.7.1/junit-jupiter-params-5.7.1.jar:/Users/nayarab/.m2/repository/org/junit/jupiter/junit-jupiter-engine/5.7.1/junit-jupiter-engine-5.7.1.jar:/Users/nayarab/.m2/repository/org/junit/platform/junit-platform-engine/1.7.1/junit-platform-engine-1.7.1.jar:/Users/nayarab/.m2/repository/org/mockito/mockito-core/3.6.28/mockito-core-3.6.28.jar:/Users/nayarab/.m2/repository/net/bytebuddy/byte-buddy/1.10.22/byte-buddy-1.10.22.jar:/Users/nayarab/.m2/repository/net/bytebuddy/byte-buddy-agent/1.10.22/byte-buddy-agent-1.10.22.jar:/Users/nayarab/.m2/repository/org/objenesis/objenesis/3.1/objenesis-3.1.jar:/Users/nayarab/.m2/repository/org/mockito/mockito-junit-jupiter/3.6.28/mockito-junit-jupiter-3.6.28.jar:/Users/nayarab/.m2/repository/org/skyscreamer/jsonassert/1.5.0/jsonassert-1.5.0.jar:/Users/nayarab/.m2/repository/com/vaadin/external/google/android-json/0.0.20131108.vaadin1/android-json-0.0.20131108.vaadin1.jar:/Users/nayarab/.m2/repository/org/springframework/spring-core/5.3.6/spring-core-5.3.6.jar:/Users/nayarab/.m2/repository/org/springframework/spring-jcl/5.3.6/spring-jcl-5.3.6.jar:/Users/nayarab/.m2/repository/org/springframework/spring-test/5.3.6/spring-test-5.3.6.jar:/Users/nayarab/.m2/repository/org/xmlunit/xmlunit-core/2.7.0/xmlunit-core-2.7.0.jar:/Users/nayarab/.m2/repository/org/apache/camel/camel-spring-boot-starter/3.0.0-M4/camel-spring-boot-starter-3.0.0-M4.jar:/Users/nayarab/.m2/repository/org/apache/camel/camel-spring-boot/3.0.0-M4/camel-spring-boot-3.0.0-M4.jar:/Users/nayarab/.m2/repository/org/apache/camel/camel-spring/3.0.0-M4/camel-spring-3.0.0-M4.jar:/Users/nayarab/.m2/repository/org/apache/camel/camel-management-api/3.0.0-M4/camel-management-api-3.0.0-M4.jar:/Users/nayarab/.m2/repository/org/apache/camel/camel-core-xml/3.0.0-M4/camel-core-xml-3.0.0-M4.jar:/Users/nayarab/.m2/repository/org/apache/camel/spi-annotations/3.0.0-M4/spi-annotations-3.0.0-M4.jar:/Users/nayarab/.m2/repository/org/apache/camel/camel-cloud/3.0.0-M4/camel-cloud-3.0.0-M4.jar:/Users/nayarab/.m2/repository/org/apache/camel/camel-main/3.0.0-M4/camel-main-3.0.0-M4.jar:/Users/nayarab/.m2/repository/org/apache/camel/camel-core-engine/3.0.0-M4/camel-core-engine-3.0.0-M4.jar:/Users/nayarab/.m2/repository/org/apache/camel/camel-properties/3.0.0-M4/camel-properties-3.0.0-M4.jar:/Users/nayarab/.m2/repository/org/apache/camel/camel-management-impl/3.0.0-M4/camel-management-impl-3.0.0-M4.jar:/Users/nayarab/.m2/repository/org/apache/camel/camel-util/3.0.0-M4/camel-util-3.0.0-M4.jar:/Users/nayarab/.m2/repository/org/apache/camel/camel-util-json/3.0.0-M4/camel-util-json-3.0.0-M4.jar:/Users/nayarab/.m2/repository/org/apache/camel/camel-core-starter/3.0.0-M4/camel-core-starter-3.0.0-M4.jar:/Users/nayarab/.m2/repository/org/apache/camel/camel-core/3.0.0-M4/camel-core-3.0.0-M4.jar:/Users/nayarab/.m2/repository/org/apache/camel/camel-api/3.0.0-M4/camel-api-3.0.0-M4.jar:/Users/nayarab/.m2/repository/org/apache/camel/camel-base/3.0.0-M4/camel-base-3.0.0-M4.jar:/Users/nayarab/.m2/repository/org/apache/camel/camel-jaxp/3.0.0-M4/camel-jaxp-3.0.0-M4.jar:/Users/nayarab/.m2/repository/org/apache/camel/camel-bean/3.0.0-M4/camel-bean-3.0.0-M4.jar:/Users/nayarab/.m2/repository/org/apache/camel/camel-browse/3.0.0-M4/camel-browse-3.0.0-M4.jar:/Users/nayarab/.m2/repository/org/apache/camel/camel-caffeine-lrucache/3.0.0-M4/camel-caffeine-lrucache-3.0.0-M4.jar:/Users/nayarab/.m2/repository/com/github/ben-manes/caffeine/caffeine/2.8.8/caffeine-2.8.8.jar:/Users/nayarab/.m2/repository/org/checkerframework/checker-qual/3.8.0/checker-qual-3.8.0.jar:/Users/nayarab/.m2/repository/com/google/errorprone/error_prone_annotations/2.4.0/error_prone_annotations-2.4.0.jar:/Users/nayarab/.m2/repository/org/apache/camel/camel-controlbus/3.0.0-M4/camel-controlbus-3.0.0-M4.jar:/Users/nayarab/.m2/repository/org/apache/camel/camel-dataformat/3.0.0-M4/camel-dataformat-3.0.0-M4.jar:/Users/nayarab/.m2/repository/org/apache/camel/camel-dataset/3.0.0-M4/camel-dataset-3.0.0-M4.jar:/Users/nayarab/.m2/repository/org/apache/camel/camel-direct/3.0.0-M4/camel-direct-3.0.0-M4.jar:/Users/nayarab/.m2/repository/org/apache/camel/camel-directvm/3.0.0-M4/camel-directvm-3.0.0-M4.jar:/Users/nayarab/.m2/repository/org/apache/camel/camel-file/3.0.0-M4/camel-file-3.0.0-M4.jar:/Users/nayarab/.m2/repository/org/apache/camel/camel-language/3.0.0-M4/camel-language-3.0.0-M4.jar:/Users/nayarab/.m2/repository/org/apache/camel/camel-log/3.0.0-M4/camel-log-3.0.0-M4.jar:/Users/nayarab/.m2/repository/org/apache/camel/camel-mock/3.0.0-M4/camel-mock-3.0.0-M4.jar:/Users/nayarab/.m2/repository/org/apache/camel/camel-ref/3.0.0-M4/camel-ref-3.0.0-M4.jar:/Users/nayarab/.m2/repository/org/apache/camel/camel-rest/3.0.0-M4/camel-rest-3.0.0-M4.jar:/Users/nayarab/.m2/repository/org/apache/camel/camel-saga/3.0.0-M4/camel-saga-3.0.0-M4.jar:/Users/nayarab/.m2/repository/org/apache/camel/camel-scheduler/3.0.0-M4/camel-scheduler-3.0.0-M4.jar:/Users/nayarab/.m2/repository/org/apache/camel/camel-seda/3.0.0-M4/camel-seda-3.0.0-M4.jar:/Users/nayarab/.m2/repository/org/apache/camel/camel-stub/3.0.0-M4/camel-stub-3.0.0-M4.jar:/Users/nayarab/.m2/repository/org/apache/camel/camel-timer/3.0.0-M4/camel-timer-3.0.0-M4.jar:/Users/nayarab/.m2/repository/org/apache/camel/camel-validator/3.0.0-M4/camel-validator-3.0.0-M4.jar:/Users/nayarab/.m2/repository/org/apache/camel/camel-vm/3.0.0-M4/camel-vm-3.0.0-M4.jar:/Users/nayarab/.m2/repository/org/apache/camel/camel-xpath/3.0.0-M4/camel-xpath-3.0.0-M4.jar:/Users/nayarab/.m2/repository/org/apache/camel/camel-xslt/3.0.0-M4/camel-xslt-3.0.0-M4.jar:/Users/nayarab/.m2/repository/org/apache/camel/camel-servlet-starter/3.0.0-M4/camel-servlet-starter-3.0.0-M4.jar:/Users/nayarab/.m2/repository/org/apache/camel/camel-servlet/3.0.0-M4/camel-servlet-3.0.0-M4.jar:/Users/nayarab/.m2/repository/org/apache/camel/camel-support/3.0.0-M4/camel-support-3.0.0-M4.jar:/Users/nayarab/.m2/repository/org/apache/camel/camel-http-common/3.0.0-M4/camel-http-common-3.0.0-M4.jar:/Users/nayarab/.m2/repository/org/apache/camel/camel-jackson-starter/3.0.0-M4/camel-jackson-starter-3.0.0-M4.jar:/Users/nayarab/.m2/repository/org/apache/camel/camel-jackson/3.0.0-M4/camel-jackson-3.0.0-M4.jar:/Users/nayarab/.m2/repository/com/fasterxml/jackson/module/jackson-module-jaxb-annotations/2.11.4/jackson-module-jaxb-annotations-2.11.4.jar:/Users/nayarab/.m2/repository/org/apache/camel/camel-swagger-java-starter/3.0.0-M4/camel-swagger-java-starter-3.0.0-M4.jar:/Users/nayarab/.m2/repository/org/apache/camel/camel-swagger-java/3.0.0-M4/camel-swagger-java-3.0.0-M4.jar:/Users/nayarab/.m2/repository/com/fasterxml/jackson/datatype/jackson-datatype-joda/2.11.4/jackson-datatype-joda-2.11.4.jar:/Users/nayarab/.m2/repository/joda-time/joda-time/2.9.9/joda-time-2.9.9.jar:/Users/nayarab/.m2/repository/com/fasterxml/jackson/dataformat/jackson-dataformat-yaml/2.11.4/jackson-dataformat-yaml-2.11.4.jar:/Users/nayarab/.m2/repository/com/fasterxml/jackson/dataformat/jackson-dataformat-xml/2.11.4/jackson-dataformat-xml-2.11.4.jar:/Users/nayarab/.m2/repository/org/codehaus/woodstox/stax2-api/4.2.1/stax2-api-4.2.1.jar:/Users/nayarab/.m2/repository/com/fasterxml/woodstox/woodstox-core/6.2.3/woodstox-core-6.2.3.jar:/Users/nayarab/.m2/repository/com/fasterxml/jackson/jaxrs/jackson-jaxrs-json-provider/2.11.4/jackson-jaxrs-json-provider-2.11.4.jar:/Users/nayarab/.m2/repository/com/fasterxml/jackson/jaxrs/jackson-jaxrs-base/2.11.4/jackson-jaxrs-base-2.11.4.jar:/Users/nayarab/.m2/repository/com/google/guava/guava/20.0/guava-20.0.jar:/Users/nayarab/.m2/repository/org/apache/commons/commons-lang3/3.11/commons-lang3-3.11.jar:/Users/nayarab/.m2/repository/io/swagger/swagger-core/1.5.21/swagger-core-1.5.21.jar:/Users/nayarab/.m2/repository/io/swagger/swagger-models/1.5.21/swagger-models-1.5.21.jar:/Users/nayarab/.m2/repository/javax/validation/validation-api/2.0.1.Final/validation-api-2.0.1.Final.jar:/Users/nayarab/.m2/repository/io/swagger/swagger-annotations/1.5.21/swagger-annotations-1.5.21.jar:/Users/nayarab/.m2/repository/io/swagger/swagger-jaxrs/1.5.21/swagger-jaxrs-1.5.21.jar:/Users/nayarab/.m2/repository/javax/ws/rs/jsr311-api/1.1.1/jsr311-api-1.1.1.jar:/Users/nayarab/.m2/repository/org/reflections/reflections/0.9.11/reflections-0.9.11.jar:/Users/nayarab/.m2/repository/org/javassist/javassist/3.21.0-GA/javassist-3.21.0-GA.jar:/Users/nayarab/.m2/repository/io/swagger/swagger-parser/1.0.37/swagger-parser-1.0.37.jar:/Users/nayarab/.m2/repository/org/slf4j/slf4j-ext/1.7.30/slf4j-ext-1.7.30.jar:/Users/nayarab/.m2/repository/commons-io/commons-io/2.4/commons-io-2.4.jar:/Users/nayarab/.m2/repository/org/hibernate/validator/hibernate-validator/6.1.7.Final/hibernate-validator-6.1.7.Final.jar:/Users/nayarab/.m2/repository/jakarta/validation/jakarta.validation-api/2.0.2/jakarta.validation-api-2.0.2.jar:/Users/nayarab/.m2/repository/org/jboss/logging/jboss-logging/3.4.1.Final/jboss-logging-3.4.1.Final.jar:/Users/nayarab/.m2/repository/com/fasterxml/classmate/1.5.1/classmate-1.5.1.jar:"/>
    <property name="sun.cpu.endian" value="little"/>
    <property name="user.home" value="/Users/nayarab"/>
    <property name="user.language" value="pt"/>
    <property name="java.specification.vendor" value="Oracle Corporation"/>
    <property name="java.version.date" value="2021-01-19"/>
    <property name="java.home" value="/Library/Java/JavaVirtualMachines/jdk-15.0.2.jdk/Contents/Home"/>
    <property name="file.separator" value="/"/>
    <property name="basedir" value="/Users/nayarab/ProjetosCIT/poc_springboot"/>
    <property name="java.vm.compressedOopsMode" value="Zero based"/>
    <property name="line.separator" value="&#10;"/>
    <property name="java.specification.name" value="Java Platform API Specification"/>
    <property name="java.vm.specification.vendor" value="Oracle Corporation"/>
    <property name="surefire.real.class.path" value="/Users/nayarab/ProjetosCIT/poc_springboot/target/surefire/surefirebooter8485266009757428291.jar"/>
    <property name="sun.management.compiler" value="HotSpot 64-Bit Tiered Compilers"/>
    <property name="ftp.nonProxyHosts" value="local|*.local|169.254/16|*.169.254/16"/>
    <property name="java.runtime.version" value="15.0.2+7-27"/>
    <property name="user.name" value="nayarab"/>
    <property name="path.separator" value=":"/>
    <property name="os.version" value="10.16"/>
    <property name="java.runtime.name" value="Java(TM) SE Runtime Environment"/>
    <property name="file.encoding" value="UTF-8"/>
    <property name="java.vm.name" value="Java HotSpot(TM) 64-Bit Server VM"/>
    <property name="localRepository" value="/Users/nayarab/.m2/repository"/>
    <property name="java.vendor.url.bug" value="https://bugreport.java.com/bugreport/"/>
    <property name="java.io.tmpdir" value="/var/folders/nq/6dqc_fyj1cd8f8hxzljpxyt8pwspxj/T/"/>
    <property name="java.version" value="15.0.2"/>
    <property name="user.dir" value="/Users/nayarab/ProjetosCIT/poc_springboot"/>
    <property name="os.arch" value="x86_64"/>
    <property name="java.vm.specification.name" value="Java Virtual Machine Specification"/>
    <property name="java.library.path" value="/Users/nayarab/Library/Java/Extensions:/Library/Java/Extensions:/Network/Library/Java/Extensions:/System/Library/Java/Extensions:/usr/lib/java:."/>
    <property name="java.vm.info" value="mixed mode, sharing"/>
    <property name="java.vendor" value="Oracle Corporation"/>
    <property name="java.vm.version" value="15.0.2+7-27"/>
    <property name="sun.io.unicode.encoding" value="UnicodeBig"/>
    <property name="socksNonProxyHosts" value="local|*.local|169.254/16|*.169.254/16"/>
    <property name="java.class.version" value="59.0"/>
  </properties>
  <testcase name="contextLoads" classname="com.poc.springboot.poc_springboot.PocSpringbootApplicationTests" time="0.44"/>
</testsuite>